Build started 7/10/2014 4:20:55 PM.
     1>Project "C:\Users\Andrew\Documents\Apatite to Zircon Code\Track Finder\TrackFinder\TrackFinder\TrackFinder.vcxproj" on node 2 (Build target(s)).
     1>ClCompile:
         C:\Program Files (x86)\Microsoft Visual Studio 12.0\VC\bin\CL.exe /c /I"C:\OpenCV 249\build\include" /ZI /nologo /W3 /WX- /sdl /Od /Oy- /D _MBCS /Gm /EHsc /RTC1 /MDd /GS /fp:precise /Zc:wchar_t /Zc:forScope /Fo"Debug\\" /Fd"Debug\vc120.pdb" /Gd /TP /analyze- /errorReport:prompt canny.cpp main.cpp matcher_simple.cpp
         matcher_simple.cpp
     1>c:\users\andrew\documents\apatite to zircon code\track finder\trackfinder\trackfinder\matcher_simple.cpp(99): warning C4018: '<' : signed/unsigned mismatch
         main.cpp
     1>c:\users\andrew\documents\apatite to zircon code\track finder\trackfinder\trackfinder\main.cpp(170): warning C4018: '<' : signed/unsigned mismatch
     1>c:\users\andrew\documents\apatite to zircon code\track finder\trackfinder\trackfinder\main.cpp(183): warning C4244: 'argument' : conversion from 'double' to 'int', possible loss of data
     1>c:\users\andrew\documents\apatite to zircon code\track finder\trackfinder\trackfinder\main.cpp(200): warning C4244: 'initializing' : conversion from 'double' to 'float', possible loss of data
     1>c:\users\andrew\documents\apatite to zircon code\track finder\trackfinder\trackfinder\main.cpp(201): warning C4244: 'initializing' : conversion from 'double' to 'float', possible loss of data
     1>c:\users\andrew\documents\apatite to zircon code\track finder\trackfinder\trackfinder\main.cpp(207): warning C4244: 'argument' : conversion from 'float' to 'int', possible loss of data
     1>c:\users\andrew\documents\apatite to zircon code\track finder\trackfinder\trackfinder\main.cpp(211): warning C4244: 'argument' : conversion from 'double' to 'int', possible loss of data
     1>c:\users\andrew\documents\apatite to zircon code\track finder\trackfinder\trackfinder\main.cpp(212): warning C4244: 'argument' : conversion from 'double' to 'int', possible loss of data
     1>c:\users\andrew\documents\apatite to zircon code\track finder\trackfinder\trackfinder\main.cpp(222): warning C4244: 'initializing' : conversion from 'double' to 'float', possible loss of data
     1>c:\users\andrew\documents\apatite to zircon code\track finder\trackfinder\trackfinder\main.cpp(261): warning C4018: '>' : signed/unsigned mismatch
     1>c:\users\andrew\documents\apatite to zircon code\track finder\trackfinder\trackfinder\main.cpp(263): warning C4018: '<' : signed/unsigned mismatch
     1>c:\users\andrew\documents\apatite to zircon code\track finder\trackfinder\trackfinder\main.cpp(266): warning C4018: '<' : signed/unsigned mismatch
     1>c:\users\andrew\documents\apatite to zircon code\track finder\trackfinder\trackfinder\main.cpp(282): warning C4018: '>' : signed/unsigned mismatch
     1>c:\users\andrew\documents\apatite to zircon code\track finder\trackfinder\trackfinder\main.cpp(284): warning C4018: '<' : signed/unsigned mismatch
     1>c:\users\andrew\documents\apatite to zircon code\track finder\trackfinder\trackfinder\main.cpp(287): warning C4018: '<' : signed/unsigned mismatch
     1>c:\users\andrew\documents\apatite to zircon code\track finder\trackfinder\trackfinder\main.cpp(300): warning C4018: '<' : signed/unsigned mismatch
     1>c:\users\andrew\documents\apatite to zircon code\track finder\trackfinder\trackfinder\main.cpp(348): warning C4244: '+=' : conversion from 'double' to 'float', possible loss of data
     1>c:\users\andrew\documents\apatite to zircon code\track finder\trackfinder\trackfinder\main.cpp(349): warning C4244: '+=' : conversion from 'double' to 'float', possible loss of data
     1>c:\users\andrew\documents\apatite to zircon code\track finder\trackfinder\trackfinder\main.cpp(351): warning C4244: '+=' : conversion from 'double' to 'float', possible loss of data
     1>c:\users\andrew\documents\apatite to zircon code\track finder\trackfinder\trackfinder\main.cpp(352): warning C4244: '+=' : conversion from 'double' to 'float', possible loss of data
     1>c:\users\andrew\documents\apatite to zircon code\track finder\trackfinder\trackfinder\main.cpp(357): warning C4244: '=' : conversion from 'double' to 'int', possible loss of data
     1>c:\users\andrew\documents\apatite to zircon code\track finder\trackfinder\trackfinder\main.cpp(358): warning C4244: '=' : conversion from 'double' to 'int', possible loss of data
     1>c:\users\andrew\documents\apatite to zircon code\track finder\trackfinder\trackfinder\main.cpp(361): warning C4244: '=' : conversion from 'double' to 'int', possible loss of data
     1>c:\users\andrew\documents\apatite to zircon code\track finder\trackfinder\trackfinder\main.cpp(362): warning C4244: '=' : conversion from 'double' to 'int', possible loss of data
     1>c:\users\andrew\documents\apatite to zircon code\track finder\trackfinder\trackfinder\main.cpp(376): warning C4244: 'initializing' : conversion from 'double' to 'float', possible loss of data
     1>c:\users\andrew\documents\apatite to zircon code\track finder\trackfinder\trackfinder\main.cpp(377): warning C4244: 'initializing' : conversion from 'double' to 'float', possible loss of data
     1>c:\users\andrew\documents\apatite to zircon code\track finder\trackfinder\trackfinder\main.cpp(401): warning C4244: '=' : conversion from 'double' to 'int', possible loss of data
     1>c:\users\andrew\documents\apatite to zircon code\track finder\trackfinder\trackfinder\main.cpp(403): warning C4244: 'initializing' : conversion from 'float' to 'int', possible loss of data
     1>c:\users\andrew\documents\apatite to zircon code\track finder\trackfinder\trackfinder\main.cpp(404): warning C4244: '=' : conversion from 'float' to 'int', possible loss of data
     1>c:\users\andrew\documents\apatite to zircon code\track finder\trackfinder\trackfinder\main.cpp(405): warning C4244: '=' : conversion from 'float' to 'int', possible loss of data
     1>c:\users\andrew\documents\apatite to zircon code\track finder\trackfinder\trackfinder\main.cpp(416): warning C4244: 'initializing' : conversion from 'double' to 'int', possible loss of data
     1>c:\users\andrew\documents\apatite to zircon code\track finder\trackfinder\trackfinder\main.cpp(417): warning C4244: 'initializing' : conversion from 'double' to 'int', possible loss of data
     1>c:\users\andrew\documents\apatite to zircon code\track finder\trackfinder\trackfinder\main.cpp(430): warning C4244: 'initializing' : conversion from 'double' to 'int', possible loss of data
     1>c:\users\andrew\documents\apatite to zircon code\track finder\trackfinder\trackfinder\main.cpp(431): warning C4244: 'initializing' : conversion from 'double' to 'int', possible loss of data
     1>c:\users\andrew\documents\apatite to zircon code\track finder\trackfinder\trackfinder\main.cpp(481): warning C4244: 'initializing' : conversion from 'double' to 'float', possible loss of data
     1>c:\users\andrew\documents\apatite to zircon code\track finder\trackfinder\trackfinder\main.cpp(482): warning C4244: 'initializing' : conversion from 'double' to 'float', possible loss of data
     1>c:\users\andrew\documents\apatite to zircon code\track finder\trackfinder\trackfinder\main.cpp(502): warning C4244: 'initializing' : conversion from 'float' to 'int', possible loss of data
     1>c:\users\andrew\documents\apatite to zircon code\track finder\trackfinder\trackfinder\main.cpp(503): warning C4244: '=' : conversion from 'float' to 'int', possible loss of data
     1>c:\users\andrew\documents\apatite to zircon code\track finder\trackfinder\trackfinder\main.cpp(504): warning C4244: '=' : conversion from 'float' to 'int', possible loss of data
     1>c:\users\andrew\documents\apatite to zircon code\track finder\trackfinder\trackfinder\main.cpp(515): warning C4244: 'initializing' : conversion from 'double' to 'int', possible loss of data
     1>c:\users\andrew\documents\apatite to zircon code\track finder\trackfinder\trackfinder\main.cpp(516): warning C4244: 'initializing' : conversion from 'double' to 'int', possible loss of data
     1>c:\users\andrew\documents\apatite to zircon code\track finder\trackfinder\trackfinder\main.cpp(527): warning C4244: 'initializing' : conversion from 'double' to 'int', possible loss of data
     1>c:\users\andrew\documents\apatite to zircon code\track finder\trackfinder\trackfinder\main.cpp(528): warning C4244: 'initializing' : conversion from 'double' to 'int', possible loss of data
     1>c:\users\andrew\documents\apatite to zircon code\track finder\trackfinder\trackfinder\main.cpp(537): warning C4244: 'argument' : conversion from 'float' to 'int', possible loss of data
     1>c:\users\andrew\documents\apatite to zircon code\track finder\trackfinder\trackfinder\main.cpp(583): warning C4244: 'return' : conversion from 'int' to 'float', possible loss of data
     1>c:\users\andrew\documents\apatite to zircon code\track finder\trackfinder\trackfinder\main.cpp(597): warning C4244: 'argument' : conversion from 'int' to 'float', possible loss of data
     1>c:\users\andrew\documents\apatite to zircon code\track finder\trackfinder\trackfinder\main.cpp(622): warning C4244: 'argument' : conversion from 'int' to 'float', possible loss of data
     1>c:\users\andrew\documents\apatite to zircon code\track finder\trackfinder\trackfinder\main.cpp(632): warning C4244: 'argument' : conversion from 'int' to 'float', possible loss of data
     1>c:\users\andrew\documents\apatite to zircon code\track finder\trackfinder\trackfinder\main.cpp(642): warning C4244: 'argument' : conversion from 'int' to 'float', possible loss of data
     1>c:\users\andrew\documents\apatite to zircon code\track finder\trackfinder\trackfinder\main.cpp(726): warning C4018: '<' : signed/unsigned mismatch
     1>c:\users\andrew\documents\apatite to zircon code\track finder\trackfinder\trackfinder\main.cpp(730): warning C4018: '<' : signed/unsigned mismatch
     1>c:\users\andrew\documents\apatite to zircon code\track finder\trackfinder\trackfinder\main.cpp(879): warning C4244: '=' : conversion from 'double' to 'uchar', possible loss of data
     1>c:\users\andrew\documents\apatite to zircon code\track finder\trackfinder\trackfinder\main.cpp(893): warning C4244: '=' : conversion from 'double' to 'float', possible loss of data
     1>c:\users\andrew\documents\apatite to zircon code\track finder\trackfinder\trackfinder\main.cpp(896): warning C4244: '=' : conversion from 'double' to 'float', possible loss of data
         canny.cpp
         Generating Code...
       Link:
         C:\Program Files (x86)\Microsoft Visual Studio 12.0\VC\bin\link.exe /ERRORREPORT:PROMPT /OUT:"C:\Users\Andrew\Documents\Apatite to Zircon Code\Track Finder\TrackFinder\Debug\TrackFinder.exe" /INCREMENTAL /NOLOGO /LIBPATH:"C:\OpenCV 249\build\x86\vc12\lib" "C:\OpenCV 249\build\x86\vc12\lib\opencv_calib3d249d.lib" "C:\OpenCV 249\build\x86\vc12\lib\opencv_contrib249d.lib" "C:\OpenCV 249\build\x86\vc12\lib\opencv_core249d.lib" "C:\OpenCV 249\build\x86\vc12\lib\opencv_features2d249d.lib" "C:\OpenCV 249\build\x86\vc12\lib\opencv_flann249d.lib" "C:\OpenCV 249\build\x86\vc12\lib\opencv_gpu249d.lib" "C:\OpenCV 249\build\x86\vc12\lib\opencv_highgui249d.lib" "C:\OpenCV 249\build\x86\vc12\lib\opencv_imgproc249d.lib" "C:\OpenCV 249\build\x86\vc12\lib\opencv_legacy249d.lib" "C:\OpenCV 249\build\x86\vc12\lib\opencv_ml249d.lib" "C:\OpenCV 249\build\x86\vc12\lib\opencv_nonfree249d.lib" "C:\OpenCV 249\build\x86\vc12\lib\opencv_objdetect249d.lib" "C:\OpenCV 249\build\x86\vc12\lib\opencv_ocl249d.lib" "C:\OpenCV 249\build\x86\vc12\lib\opencv_photo249d.lib" "C:\OpenCV 249\build\x86\vc12\lib\opencv_stitching249d.lib" "C:\OpenCV 249\build\x86\vc12\lib\opencv_superres249d.lib" "C:\OpenCV 249\build\x86\vc12\lib\opencv_ts249d.lib" "C:\OpenCV 249\build\x86\vc12\lib\opencv_video249d.lib" "C:\OpenCV 249\build\x86\vc12\lib\opencv_videostab249d.lib" kernel32.lib user32.lib gdi32.lib winspool.lib comdlg32.lib advapi32.lib shell32.lib ole32.lib oleaut32.lib uuid.lib odbc32.lib odbccp32.lib /MANIFEST /MANIFESTUAC:"level='asInvoker' uiAccess='false'" /manifest:embed /DEBUG /PDB:"C:\Users\Andrew\Documents\Apatite to Zircon Code\Track Finder\TrackFinder\Debug\TrackFinder.pdb" /TLBID:1 /DYNAMICBASE /NXCOMPAT /IMPLIB:"C:\Users\Andrew\Documents\Apatite to Zircon Code\Track Finder\TrackFinder\Debug\TrackFinder.lib" /MACHINE:X86 Debug\main.obj
         Debug\canny.obj
         Debug\matcher_simple.obj
         TrackFinder.vcxproj -> C:\Users\Andrew\Documents\Apatite to Zircon Code\Track Finder\TrackFinder\Debug\TrackFinder.exe
     1>Done Building Project "C:\Users\Andrew\Documents\Apatite to Zircon Code\Track Finder\TrackFinder\TrackFinder\TrackFinder.vcxproj" (Build target(s)).

Build succeeded.

Time Elapsed 00:00:06.02
