Build started 7/10/2014 5:39:35 PM.
     1>Project "C:\Users\Andrew\Documents\Apatite to Zircon Code\Track Finder\TrackFinder\TrackFinder\TrackFinder.vcxproj" on node 2 (Build target(s)).
     1>ClCompile:
         C:\Program Files (x86)\Microsoft Visual Studio 12.0\VC\bin\CL.exe /c /I"C:\OpenCV 249\build\include" /Zi /nologo /W3 /WX- /sdl /O2 /Oi /Oy- /GL /D _MBCS /Gm- /EHsc /MD /GS /Gy /fp:precise /Zc:wchar_t /Zc:forScope /openmp /Fo"Release\\" /Fd"Release\vc120.pdb" /Gd /TP /analyze- /errorReport:prompt main.cpp
         main.cpp
     1>main.cpp(111): warning C4018: '<' : signed/unsigned mismatch
     1>main.cpp(125): warning C4244: 'initializing' : conversion from 'double' to 'float', possible loss of data
     1>main.cpp(126): warning C4244: 'initializing' : conversion from 'double' to 'float', possible loss of data
     1>main.cpp(132): warning C4244: 'argument' : conversion from 'float' to 'int', possible loss of data
     1>main.cpp(136): warning C4244: 'argument' : conversion from 'double' to 'int', possible loss of data
     1>main.cpp(137): warning C4244: 'argument' : conversion from 'double' to 'int', possible loss of data
     1>main.cpp(189): warning C4018: '>' : signed/unsigned mismatch
     1>main.cpp(191): warning C4018: '<' : signed/unsigned mismatch
     1>main.cpp(194): warning C4018: '<' : signed/unsigned mismatch
     1>main.cpp(210): warning C4018: '>' : signed/unsigned mismatch
     1>main.cpp(212): warning C4018: '<' : signed/unsigned mismatch
     1>main.cpp(215): warning C4018: '<' : signed/unsigned mismatch
     1>main.cpp(228): warning C4018: '<' : signed/unsigned mismatch
     1>main.cpp(276): warning C4244: '+=' : conversion from 'double' to 'float', possible loss of data
     1>main.cpp(277): warning C4244: '+=' : conversion from 'double' to 'float', possible loss of data
     1>main.cpp(279): warning C4244: '+=' : conversion from 'double' to 'float', possible loss of data
     1>main.cpp(280): warning C4244: '+=' : conversion from 'double' to 'float', possible loss of data
     1>main.cpp(285): warning C4244: '=' : conversion from 'double' to 'int', possible loss of data
     1>main.cpp(286): warning C4244: '=' : conversion from 'double' to 'int', possible loss of data
     1>main.cpp(289): warning C4244: '=' : conversion from 'double' to 'int', possible loss of data
     1>main.cpp(290): warning C4244: '=' : conversion from 'double' to 'int', possible loss of data
     1>main.cpp(304): warning C4244: 'initializing' : conversion from 'double' to 'float', possible loss of data
     1>main.cpp(305): warning C4244: 'initializing' : conversion from 'double' to 'float', possible loss of data
     1>main.cpp(317): warning C4244: 'initializing' : conversion from 'double' to 'int', possible loss of data
     1>main.cpp(319): warning C4244: 'initializing' : conversion from 'float' to 'int', possible loss of data
     1>main.cpp(320): warning C4244: '=' : conversion from 'float' to 'int', possible loss of data
     1>main.cpp(321): warning C4244: '=' : conversion from 'float' to 'int', possible loss of data
     1>main.cpp(332): warning C4244: 'initializing' : conversion from 'double' to 'int', possible loss of data
     1>main.cpp(333): warning C4244: 'initializing' : conversion from 'double' to 'int', possible loss of data
     1>main.cpp(346): warning C4244: 'initializing' : conversion from 'double' to 'int', possible loss of data
     1>main.cpp(347): warning C4244: 'initializing' : conversion from 'double' to 'int', possible loss of data
     1>main.cpp(536): warning C4244: '=' : conversion from 'double' to 'uchar', possible loss of data
       Link:
         C:\Program Files (x86)\Microsoft Visual Studio 12.0\VC\bin\link.exe /ERRORREPORT:PROMPT /OUT:"C:\Users\Andrew\Documents\Apatite to Zircon Code\Track Finder\TrackFinder\Release\TrackFinder.exe" /NOLOGO /LIBPATH:"C:\OpenCV 249\build\x86\vc12\lib" "C:\OpenCV 249\build\x86\vc12\lib\opencv_calib3d249.lib" "C:\OpenCV 249\build\x86\vc12\lib\opencv_contrib249.lib" "C:\OpenCV 249\build\x86\vc12\lib\opencv_core249.lib" "C:\OpenCV 249\build\x86\vc12\lib\opencv_features2d249.lib" "C:\OpenCV 249\build\x86\vc12\lib\opencv_flann249.lib" "C:\OpenCV 249\build\x86\vc12\lib\opencv_gpu249.lib" "C:\OpenCV 249\build\x86\vc12\lib\opencv_highgui249.lib" "C:\OpenCV 249\build\x86\vc12\lib\opencv_imgproc249.lib" "C:\OpenCV 249\build\x86\vc12\lib\opencv_legacy249.lib" "C:\OpenCV 249\build\x86\vc12\lib\opencv_ml249.lib" "C:\OpenCV 249\build\x86\vc12\lib\opencv_nonfree249.lib" "C:\OpenCV 249\build\x86\vc12\lib\opencv_objdetect249.lib" "C:\OpenCV 249\build\x86\vc12\lib\opencv_ocl249.lib" "C:\OpenCV 249\build\x86\vc12\lib\opencv_photo249.lib" "C:\OpenCV 249\build\x86\vc12\lib\opencv_stitching249.lib" "C:\OpenCV 249\build\x86\vc12\lib\opencv_superres249.lib" "C:\OpenCV 249\build\x86\vc12\lib\opencv_ts249.lib" "C:\OpenCV 249\build\x86\vc12\lib\opencv_video249.lib" "C:\OpenCV 249\build\x86\vc12\lib\opencv_videostab249.lib" kernel32.lib user32.lib gdi32.lib winspool.lib comdlg32.lib advapi32.lib shell32.lib ole32.lib oleaut32.lib uuid.lib odbc32.lib odbccp32.lib /MANIFEST /MANIFESTUAC:"level='asInvoker' uiAccess='false'" /manifest:embed /DEBUG /PDB:"C:\Users\Andrew\Documents\Apatite to Zircon Code\Track Finder\TrackFinder\Release\TrackFinder.pdb" /OPT:REF /OPT:ICF /LTCG /TLBID:1 /DYNAMICBASE /NXCOMPAT /IMPLIB:"C:\Users\Andrew\Documents\Apatite to Zircon Code\Track Finder\TrackFinder\Release\TrackFinder.lib" /MACHINE:X86 /SAFESEH Release\main.obj
         Release\canny.obj
         Release\matcher_simple.obj
         Generating code
         Finished generating code
         TrackFinder.vcxproj -> C:\Users\Andrew\Documents\Apatite to Zircon Code\Track Finder\TrackFinder\Release\TrackFinder.exe
     1>Done Building Project "C:\Users\Andrew\Documents\Apatite to Zircon Code\Track Finder\TrackFinder\TrackFinder\TrackFinder.vcxproj" (Build target(s)).

Build succeeded.

Time Elapsed 00:00:02.52
